<?xml version="1.0" encoding="UTF-8"?>
<testsuite name="com.onesteprest.onesteprest.DynamicRestControllerIntegrationTest" tests="6" skipped="0" failures="0" errors="0" timestamp="2025-04-20T07:45:16.567Z" hostname="fedora" time="0.99">
  <properties/>
  <testcase name="testCrudOperations()" classname="com.onesteprest.onesteprest.DynamicRestControllerIntegrationTest" time="0.776"/>
  <testcase name="testValidation()" classname="com.onesteprest.onesteprest.DynamicRestControllerIntegrationTest" time="0.015"/>
  <testcase name="testPagination()" classname="com.onesteprest.onesteprest.DynamicRestControllerIntegrationTest" time="0.085"/>
  <testcase name="testRelationships()" classname="com.onesteprest.onesteprest.DynamicRestControllerIntegrationTest" time="0.025"/>
  <testcase name="testRelationshipWithNestedObject()" classname="com.onesteprest.onesteprest.DynamicRestControllerIntegrationTest" time="0.016"/>
  <testcase name="testManyToManyRelationship()" classname="com.onesteprest.onesteprest.DynamicRestControllerIntegrationTest" time="0.068"/>
  <system-out><![CDATA[02:45:14.214 [Test worker] INFO org.springframework.test.context.support.AnnotationConfigContextLoaderUtils -- Could not detect default configuration classes for test class [com.onesteprest.onesteprest.DynamicRestControllerIntegrationTest]: DynamicRestControllerIntegrationTest does not declare any static, non-private, non-final, nested classes annotated with @Configuration.
02:45:14.275 [Test worker] INFO org.springframework.boot.test.context.SpringBootTestContextBootstrapper -- Found @SpringBootConfiguration com.onesteprest.onesteprest.OnesteprestApplication for test class com.onesteprest.onesteprest.DynamicRestControllerIntegrationTest

  .   ____          _            __ _ _
 /\\ / ___'_ __ _ _(_)_ __  __ _ \ \ \ \
( ( )\___ | '_ | '_| | '_ \/ _` | \ \ \ \
 \\/  ___)| |_)| | | | | || (_| |  ) ) ) )
  '  |____| .__|_| |_|_| |_\__, | / / / /
 =========|_|==============|___/=/_/_/_/

 :: Spring Boot ::                (v3.4.4)

2025-04-20T02:45:14.497-05:00  INFO 220684 --- [onesteprest] [    Test worker] o.o.DynamicRestControllerIntegrationTest : Starting DynamicRestControllerIntegrationTest using Java 21.0.6 with PID 220684 (started by raul in /home/raul/Documents/ProyectosPersonales/onesteprest)
2025-04-20T02:45:14.497-05:00  INFO 220684 --- [onesteprest] [    Test worker] o.o.DynamicRestControllerIntegrationTest : No active profile set, falling back to 1 default profile: "default"
2025-04-20T02:45:14.919-05:00  INFO 220684 --- [onesteprest] [    Test worker] .s.d.r.c.RepositoryConfigurationDelegate : Bootstrapping Spring Data JPA repositories in DEFAULT mode.
2025-04-20T02:45:14.941-05:00  INFO 220684 --- [onesteprest] [    Test worker] .s.d.r.c.RepositoryConfigurationDelegate : Finished Spring Data repository scanning in 11 ms. Found 0 JPA repository interfaces.
2025-04-20T02:45:15.227-05:00  INFO 220684 --- [onesteprest] [    Test worker] o.hibernate.jpa.internal.util.LogHelper  : HHH000204: Processing PersistenceUnitInfo [name: default]
2025-04-20T02:45:15.253-05:00  INFO 220684 --- [onesteprest] [    Test worker] org.hibernate.Version                    : HHH000412: Hibernate ORM core version 6.6.11.Final
2025-04-20T02:45:15.269-05:00  INFO 220684 --- [onesteprest] [    Test worker] o.h.c.internal.RegionFactoryInitiator    : HHH000026: Second-level cache disabled
2025-04-20T02:45:15.401-05:00  INFO 220684 --- [onesteprest] [    Test worker] o.s.o.j.p.SpringPersistenceUnitInfo      : No LoadTimeWeaver setup: ignoring JPA class transformer
2025-04-20T02:45:15.415-05:00  INFO 220684 --- [onesteprest] [    Test worker] com.zaxxer.hikari.HikariDataSource       : HikariPool-1 - Starting...
2025-04-20T02:45:15.516-05:00  INFO 220684 --- [onesteprest] [    Test worker] com.zaxxer.hikari.pool.HikariPool        : HikariPool-1 - Added connection conn0: url=jdbc:h2:mem:testdb user=SA
2025-04-20T02:45:15.517-05:00  INFO 220684 --- [onesteprest] [    Test worker] com.zaxxer.hikari.HikariDataSource       : HikariPool-1 - Start completed.
2025-04-20T02:45:15.532-05:00  WARN 220684 --- [onesteprest] [    Test worker] org.hibernate.orm.deprecation            : HHH90000025: H2Dialect does not need to be specified explicitly using 'hibernate.dialect' (remove the property setting and it will be selected by default)
2025-04-20T02:45:15.544-05:00  INFO 220684 --- [onesteprest] [    Test worker] org.hibernate.orm.connections.pooling    : HHH10001005: Database info:
	Database JDBC URL [Connecting through datasource 'HikariDataSource (HikariPool-1)']
	Database driver: undefined/unknown
	Database version: 2.3.232
	Autocommit mode: undefined/unknown
	Isolation level: undefined/unknown
	Minimum pool size: undefined/unknown
	Maximum pool size: undefined/unknown
2025-04-20T02:45:15.999-05:00  INFO 220684 --- [onesteprest] [    Test worker] o.h.e.t.j.p.i.JtaPlatformInitiator       : HHH000489: No JTA platform available (set 'hibernate.transaction.jta.platform' to enable JTA platform integration)
Hibernate: 
    drop table if exists categoria cascade 
Hibernate: 
    drop table if exists etiqueta cascade 
Hibernate: 
    drop table if exists producto cascade 
Hibernate: 
    drop table if exists producto_etiqueta cascade 
Hibernate: 
    create table categoria (
        id bigint generated by default as identity,
        nombre varchar(50) not null,
        descripcion varchar(255),
        primary key (id)
    )
Hibernate: 
    create table etiqueta (
        id bigint generated by default as identity,
        color varchar(255),
        nombre varchar(255) not null,
        primary key (id)
    )
Hibernate: 
    create table producto (
        precio float(53) not null check (precio>=0),
        categoria_id bigint,
        id bigint generated by default as identity,
        nombre varchar(255) not null,
        primary key (id)
    )
Hibernate: 
    create table producto_etiqueta (
        etiqueta_id bigint not null,
        producto_id bigint not null,
        primary key (etiqueta_id, producto_id)
    )
Hibernate: 
    alter table if exists producto 
       add constraint FKodqr7965ok9rwquj1utiamt0m 
       foreign key (categoria_id) 
       references categoria
Hibernate: 
    alter table if exists producto_etiqueta 
       add constraint FK686l3qb1tfrqf81eeb2ju5x1b 
       foreign key (etiqueta_id) 
       references etiqueta
Hibernate: 
    alter table if exists producto_etiqueta 
       add constraint FK86uocqio6eolo1132ipxo0279 
       foreign key (producto_id) 
       references producto
2025-04-20T02:45:16.036-05:00  INFO 220684 --- [onesteprest] [    Test worker] j.LocalContainerEntityManagerFactoryBean : Initialized JPA EntityManagerFactory for persistence unit 'default'
2025-04-20T02:45:16.157-05:00  INFO 220684 --- [onesteprest] [    Test worker] org.reflections.Reflections              : Reflections took 24 ms to scan 1 urls, producing 22 keys and 34 values
Registering model: Categoria at path: /categorias
Registered model class: com.onesteprest.onesteprest.examples.Categoria for path: categorias
Registering model: Etiqueta at path: /etiquetas
Registered model class: com.onesteprest.onesteprest.examples.Etiqueta for path: etiquetas
Registering model: Producto at path: /productos
Registered model class: com.onesteprest.onesteprest.examples.Producto for path: productos
2025-04-20T02:45:16.297-05:00  WARN 220684 --- [onesteprest] [    Test worker] JpaBaseConfiguration$JpaWebConfiguration : spring.jpa.open-in-view is enabled by default. Therefore, database queries may be performed during view rendering. Explicitly configure spring.jpa.open-in-view to disable this warning
2025-04-20T02:45:16.501-05:00  INFO 220684 --- [onesteprest] [    Test worker] o.s.b.a.h2.H2ConsoleAutoConfiguration    : H2 console available at '/h2-console'. Database available at 'jdbc:h2:mem:testdb'
2025-04-20T02:45:16.537-05:00  INFO 220684 --- [onesteprest] [    Test worker] o.s.b.t.m.w.SpringBootMockServletContext : Initializing Spring TestDispatcherServlet ''
2025-04-20T02:45:16.537-05:00  INFO 220684 --- [onesteprest] [    Test worker] o.s.t.web.servlet.TestDispatcherServlet  : Initializing Servlet ''
2025-04-20T02:45:16.538-05:00  INFO 220684 --- [onesteprest] [    Test worker] o.s.t.web.servlet.TestDispatcherServlet  : Completed initialization in 1 ms
2025-04-20T02:45:16.559-05:00  INFO 220684 --- [onesteprest] [    Test worker] o.o.DynamicRestControllerIntegrationTest : Started DynamicRestControllerIntegrationTest in 2.202 seconds (process running for 2.784)
2025-04-20T02:45:16.888-05:00  INFO 220684 --- [onesteprest] [    Test worker] org.reflections.Reflections              : Reflections took 4 ms to scan 1 urls, producing 22 keys and 34 values
Registering model: Categoria at path: /categorias
Registered model class: com.onesteprest.onesteprest.examples.Categoria for path: categorias
Registering model: Etiqueta at path: /etiquetas
Registered model class: com.onesteprest.onesteprest.examples.Etiqueta for path: etiquetas
Registering model: Producto at path: /productos
Registered model class: com.onesteprest.onesteprest.examples.Producto for path: productos
Hibernate: 
    insert 
    into
        categoria
        (descripcion, nombre, id) 
    values
        (?, ?, default)
Hibernate: 
    insert 
    into
        producto
        (categoria_id, nombre, precio, id) 
    values
        (?, ?, ?, default)
Hibernate: 
    select
        p1_0.id,
        p1_0.categoria_id,
        p1_0.nombre,
        p1_0.precio 
    from
        producto p1_0 
    where
        p1_0.categoria_id=?
Hibernate: 
    select
        p1_0.id,
        p1_0.categoria_id,
        p1_0.nombre,
        p1_0.precio 
    from
        producto p1_0
Hibernate: 
    select
        p1_0.id,
        p1_0.categoria_id,
        p1_0.nombre,
        p1_0.precio 
    from
        producto p1_0 
    where
        p1_0.categoria_id=?
Hibernate: 
    select
        p1_0.id,
        p1_0.categoria_id,
        p1_0.nombre,
        p1_0.precio 
    from
        producto p1_0 
    where
        p1_0.categoria_id=?
Hibernate: 
    select
        p1_0.id,
        p1_0.categoria_id,
        p1_0.nombre,
        p1_0.precio 
    from
        producto p1_0 
    where
        p1_0.categoria_id=?
Hibernate: 
    update
        producto 
    set
        categoria_id=?,
        nombre=?,
        precio=? 
    where
        id=?
Hibernate: 
    select
        p1_0.id,
        p1_0.categoria_id,
        p1_0.nombre,
        p1_0.precio 
    from
        producto p1_0 
    where
        p1_0.categoria_id=?
Hibernate: 
    select
        p1_0.id,
        p1_0.categoria_id,
        p1_0.nombre,
        p1_0.precio 
    from
        producto p1_0 
    where
        p1_0.categoria_id=?
Hibernate: 
    select
        p1_0.id,
        p1_0.categoria_id,
        p1_0.nombre,
        p1_0.precio 
    from
        producto p1_0 
    where
        p1_0.categoria_id=?
2025-04-20T02:45:17.349-05:00  INFO 220684 --- [onesteprest] [    Test worker] org.reflections.Reflections              : Reflections took 4 ms to scan 1 urls, producing 22 keys and 34 values
Registering model: Categoria at path: /categorias
Registered model class: com.onesteprest.onesteprest.examples.Categoria for path: categorias
Registering model: Etiqueta at path: /etiquetas
Registered model class: com.onesteprest.onesteprest.examples.Etiqueta for path: etiquetas
Registering model: Producto at path: /productos
Registered model class: com.onesteprest.onesteprest.examples.Producto for path: productos
2025-04-20T02:45:17.366-05:00  INFO 220684 --- [onesteprest] [    Test worker] org.reflections.Reflections              : Reflections took 4 ms to scan 1 urls, producing 22 keys and 34 values
Registering model: Categoria at path: /categorias
Registered model class: com.onesteprest.onesteprest.examples.Categoria for path: categorias
Registering model: Etiqueta at path: /etiquetas
Registered model class: com.onesteprest.onesteprest.examples.Etiqueta for path: etiquetas
Registering model: Producto at path: /productos
Registered model class: com.onesteprest.onesteprest.examples.Producto for path: productos
Hibernate: 
    insert 
    into
        producto
        (categoria_id, nombre, precio, id) 
    values
        (?, ?, ?, default)
Hibernate: 
    insert 
    into
        producto
        (categoria_id, nombre, precio, id) 
    values
        (?, ?, ?, default)
Hibernate: 
    insert 
    into
        producto
        (categoria_id, nombre, precio, id) 
    values
        (?, ?, ?, default)
Hibernate: 
    insert 
    into
        producto
        (categoria_id, nombre, precio, id) 
    values
        (?, ?, ?, default)
Hibernate: 
    insert 
    into
        producto
        (categoria_id, nombre, precio, id) 
    values
        (?, ?, ?, default)
Hibernate: 
    insert 
    into
        producto
        (categoria_id, nombre, precio, id) 
    values
        (?, ?, ?, default)
Hibernate: 
    insert 
    into
        producto
        (categoria_id, nombre, precio, id) 
    values
        (?, ?, ?, default)
Hibernate: 
    insert 
    into
        producto
        (categoria_id, nombre, precio, id) 
    values
        (?, ?, ?, default)
Hibernate: 
    insert 
    into
        producto
        (categoria_id, nombre, precio, id) 
    values
        (?, ?, ?, default)
Hibernate: 
    insert 
    into
        producto
        (categoria_id, nombre, precio, id) 
    values
        (?, ?, ?, default)
Hibernate: 
    insert 
    into
        producto
        (categoria_id, nombre, precio, id) 
    values
        (?, ?, ?, default)
Hibernate: 
    insert 
    into
        producto
        (categoria_id, nombre, precio, id) 
    values
        (?, ?, ?, default)
Hibernate: 
    insert 
    into
        producto
        (categoria_id, nombre, precio, id) 
    values
        (?, ?, ?, default)
Hibernate: 
    insert 
    into
        producto
        (categoria_id, nombre, precio, id) 
    values
        (?, ?, ?, default)
Hibernate: 
    insert 
    into
        producto
        (categoria_id, nombre, precio, id) 
    values
        (?, ?, ?, default)
Hibernate: 
    select
        count(p1_0.id) 
    from
        producto p1_0
Hibernate: 
    select
        p1_0.id,
        p1_0.categoria_id,
        p1_0.nombre,
        p1_0.precio 
    from
        producto p1_0 
    offset
        ? rows 
    fetch
        first ? rows only
2025-04-20T02:45:17.432-05:00  WARN 220684 --- [onesteprest] [    Test worker] ration$PageModule$WarningLoggingModifier : Serializing PageImpl instances as-is is not supported, meaning that there is no guarantee about the stability of the resulting JSON structure!
	For a stable JSON structure, please use Spring Data's PagedModel (globally via @EnableSpringDataWebSupport(pageSerializationMode = VIA_DTO))
	or Spring HATEOAS and Spring Data's PagedResourcesAssembler as documented in https://docs.spring.io/spring-data/commons/reference/repositories/core-extensions.html#core.web.pageables.

Hibernate: 
    select
        count(p1_0.id) 
    from
        producto p1_0
Hibernate: 
    select
        p1_0.id,
        p1_0.categoria_id,
        p1_0.nombre,
        p1_0.precio 
    from
        producto p1_0 
    offset
        ? rows 
    fetch
        first ? rows only
2025-04-20T02:45:17.452-05:00  INFO 220684 --- [onesteprest] [    Test worker] org.reflections.Reflections              : Reflections took 3 ms to scan 1 urls, producing 22 keys and 34 values
Registering model: Categoria at path: /categorias
Registered model class: com.onesteprest.onesteprest.examples.Categoria for path: categorias
Registering model: Etiqueta at path: /etiquetas
Registered model class: com.onesteprest.onesteprest.examples.Etiqueta for path: etiquetas
Registering model: Producto at path: /productos
Registered model class: com.onesteprest.onesteprest.examples.Producto for path: productos
Hibernate: 
    insert 
    into
        categoria
        (descripcion, nombre, id) 
    values
        (?, ?, default)
Hibernate: 
    insert 
    into
        producto
        (categoria_id, nombre, precio, id) 
    values
        (?, ?, ?, default)
Hibernate: 
    select
        p1_0.id,
        p1_0.categoria_id,
        p1_0.nombre,
        p1_0.precio 
    from
        producto p1_0 
    where
        p1_0.categoria_id=?
Hibernate: 
    insert 
    into
        producto
        (categoria_id, nombre, precio, id) 
    values
        (?, ?, ?, default)
Hibernate: 
    select
        p1_0.id,
        p1_0.categoria_id,
        p1_0.nombre,
        p1_0.precio 
    from
        producto p1_0 
    where
        p1_0.categoria_id=?
Hibernate: 
    select
        p1_0.id,
        p1_0.categoria_id,
        p1_0.nombre,
        p1_0.precio 
    from
        producto p1_0 
    where
        p1_0.categoria_id=?
Hibernate: 
    select
        p1_0.id,
        p1_0.categoria_id,
        p1_0.nombre,
        p1_0.precio 
    from
        producto p1_0 
    where
        p1_0.categoria_id=?
2025-04-20T02:45:17.477-05:00  INFO 220684 --- [onesteprest] [    Test worker] org.reflections.Reflections              : Reflections took 3 ms to scan 1 urls, producing 22 keys and 34 values
Registering model: Categoria at path: /categorias
Registered model class: com.onesteprest.onesteprest.examples.Categoria for path: categorias
Registering model: Etiqueta at path: /etiquetas
Registered model class: com.onesteprest.onesteprest.examples.Etiqueta for path: etiquetas
Registering model: Producto at path: /productos
Registered model class: com.onesteprest.onesteprest.examples.Producto for path: productos
Hibernate: 
    insert 
    into
        categoria
        (descripcion, nombre, id) 
    values
        (?, ?, default)
Hibernate: 
    insert 
    into
        producto
        (categoria_id, nombre, precio, id) 
    values
        (?, ?, ?, default)
Hibernate: 
    select
        p1_0.id,
        p1_0.categoria_id,
        p1_0.nombre,
        p1_0.precio 
    from
        producto p1_0 
    where
        p1_0.categoria_id=?
2025-04-20T02:45:17.494-05:00  INFO 220684 --- [onesteprest] [    Test worker] org.reflections.Reflections              : Reflections took 3 ms to scan 1 urls, producing 22 keys and 34 values
Registering model: Categoria at path: /categorias
Registered model class: com.onesteprest.onesteprest.examples.Categoria for path: categorias
Registering model: Etiqueta at path: /etiquetas
Registered model class: com.onesteprest.onesteprest.examples.Etiqueta for path: etiquetas
Registering model: Producto at path: /productos
Registered model class: com.onesteprest.onesteprest.examples.Producto for path: productos
Hibernate: 
    insert 
    into
        etiqueta
        (color, nombre, id) 
    values
        (?, ?, default)
Hibernate: 
    insert 
    into
        etiqueta
        (color, nombre, id) 
    values
        (?, ?, default)
Hibernate: 
    insert 
    into
        producto
        (categoria_id, nombre, precio, id) 
    values
        (?, ?, ?, default)
Hibernate: 
    insert 
    into
        producto_etiqueta
        (producto_id, etiqueta_id) 
    values
        (?, ?)
Hibernate: 
    insert 
    into
        producto_etiqueta
        (producto_id, etiqueta_id) 
    values
        (?, ?)
Hibernate: 
    select
        p1_0.id,
        p1_0.categoria_id,
        p1_0.nombre,
        p1_0.precio 
    from
        producto p1_0 
    join
        producto_etiqueta e1_0 
            on p1_0.id=e1_0.producto_id 
    where
        e1_0.etiqueta_id=?
Hibernate: 
    select
        p1_0.id,
        p1_0.categoria_id,
        p1_0.nombre,
        p1_0.precio 
    from
        producto p1_0 
    join
        producto_etiqueta e1_0 
            on p1_0.id=e1_0.producto_id 
    where
        e1_0.etiqueta_id=?
Hibernate: 
    delete 
    from
        producto_etiqueta 
    where
        producto_id=?
Hibernate: 
    insert 
    into
        producto_etiqueta
        (producto_id, etiqueta_id) 
    values
        (?, ?)
Hibernate: 
    insert 
    into
        producto_etiqueta
        (producto_id, etiqueta_id) 
    values
        (?, ?)
Hibernate: 
    select
        p1_0.id,
        p1_0.categoria_id,
        p1_0.nombre,
        p1_0.precio 
    from
        producto p1_0 
    join
        producto_etiqueta e1_0 
            on p1_0.id=e1_0.producto_id 
    where
        e1_0.etiqueta_id=?
Hibernate: 
    select
        p1_0.id,
        p1_0.categoria_id,
        p1_0.nombre,
        p1_0.precio 
    from
        producto p1_0 
    join
        producto_etiqueta e1_0 
            on p1_0.id=e1_0.producto_id 
    where
        e1_0.etiqueta_id=?
Hibernate: 
    delete 
    from
        producto_etiqueta 
    where
        producto_id=?
Hibernate: 
    insert 
    into
        producto_etiqueta
        (producto_id, etiqueta_id) 
    values
        (?, ?)
Hibernate: 
    insert 
    into
        producto_etiqueta
        (producto_id, etiqueta_id) 
    values
        (?, ?)
Hibernate: 
    select
        p1_0.id,
        p1_0.categoria_id,
        p1_0.nombre,
        p1_0.precio 
    from
        producto p1_0 
    join
        producto_etiqueta e1_0 
            on p1_0.id=e1_0.producto_id 
    where
        e1_0.etiqueta_id=?
Hibernate: 
    insert 
    into
        producto
        (categoria_id, nombre, precio, id) 
    values
        (?, ?, ?, default)
Hibernate: 
    delete 
    from
        producto_etiqueta 
    where
        producto_id=?
Hibernate: 
    insert 
    into
        producto_etiqueta
        (producto_id, etiqueta_id) 
    values
        (?, ?)
Hibernate: 
    insert 
    into
        producto_etiqueta
        (producto_id, etiqueta_id) 
    values
        (?, ?)
Hibernate: 
    insert 
    into
        producto_etiqueta
        (producto_id, etiqueta_id) 
    values
        (?, ?)
Hibernate: 
    insert 
    into
        producto_etiqueta
        (producto_id, etiqueta_id) 
    values
        (?, ?)
Hibernate: 
    select
        p1_0.id,
        p1_0.categoria_id,
        p1_0.nombre,
        p1_0.precio 
    from
        producto p1_0 
    join
        producto_etiqueta e1_0 
            on p1_0.id=e1_0.producto_id 
    where
        e1_0.etiqueta_id=?
Hibernate: 
    select
        p1_0.id,
        p1_0.categoria_id,
        p1_0.nombre,
        p1_0.precio 
    from
        producto p1_0 
    join
        producto_etiqueta e1_0 
            on p1_0.id=e1_0.producto_id 
    where
        e1_0.etiqueta_id=?
Hibernate: 
    insert 
    into
        etiqueta
        (color, nombre, id) 
    values
        (?, ?, default)
Hibernate: 
    delete 
    from
        producto_etiqueta 
    where
        producto_id=?
Hibernate: 
    insert 
    into
        producto_etiqueta
        (producto_id, etiqueta_id) 
    values
        (?, ?)
Hibernate: 
    insert 
    into
        producto_etiqueta
        (producto_id, etiqueta_id) 
    values
        (?, ?)
Hibernate: 
    select
        p1_0.id,
        p1_0.categoria_id,
        p1_0.nombre,
        p1_0.precio 
    from
        producto p1_0 
    join
        producto_etiqueta e1_0 
            on p1_0.id=e1_0.producto_id 
    where
        e1_0.etiqueta_id=?
Hibernate: 
    select
        p1_0.id,
        p1_0.categoria_id,
        p1_0.nombre,
        p1_0.precio 
    from
        producto p1_0 
    join
        producto_etiqueta e1_0 
            on p1_0.id=e1_0.producto_id 
    where
        e1_0.etiqueta_id=?
Hibernate: 
    update
        producto 
    set
        categoria_id=?,
        nombre=?,
        precio=? 
    where
        id=?
Hibernate: 
    delete 
    from
        producto_etiqueta 
    where
        producto_id=?
Hibernate: 
    insert 
    into
        producto_etiqueta
        (producto_id, etiqueta_id) 
    values
        (?, ?)
Hibernate: 
    insert 
    into
        producto_etiqueta
        (producto_id, etiqueta_id) 
    values
        (?, ?)
Hibernate: 
    select
        p1_0.id,
        p1_0.categoria_id,
        p1_0.nombre,
        p1_0.precio 
    from
        producto p1_0 
    join
        producto_etiqueta e1_0 
            on p1_0.id=e1_0.producto_id 
    where
        e1_0.etiqueta_id=?
Hibernate: 
    select
        p1_0.id,
        p1_0.categoria_id,
        p1_0.nombre,
        p1_0.precio 
    from
        producto p1_0 
    join
        producto_etiqueta e1_0 
            on p1_0.id=e1_0.producto_id 
    where
        e1_0.etiqueta_id=?
]]></system-out>
  <system-err><![CDATA[Mockito is currently self-attaching to enable the inline-mock-maker. This will no longer work in future releases of the JDK. Please add Mockito as an agent to your build what is described in Mockito's documentation: https://javadoc.io/doc/org.mockito/mockito-core/latest/org/mockito/Mockito.html#0.3
WARNING: A Java agent has been loaded dynamically (/home/raul/.gradle/caches/modules-2/files-2.1/net.bytebuddy/byte-buddy-agent/1.15.11/a38b16385e867f59a641330f0362ebe742788ed8/byte-buddy-agent-1.15.11.jar)
WARNING: If a serviceability tool is in use, please run with -XX:+EnableDynamicAgentLoading to hide this warning
WARNING: If a serviceability tool is not in use, please run with -Djdk.instrument.traceUsage for more information
WARNING: Dynamic loading of agents will be disallowed by default in a future release
]]></system-err>
</testsuite>
