<?xml version="1.0" encoding="UTF-8"?>
<testsuite name="com.onesteprest.onesteprest.OnesteprestApplicationTests" tests="1" skipped="0" failures="0" errors="0" timestamp="2025-04-20T07:45:17.890Z" hostname="fedora" time="0.002">
  <properties/>
  <testcase name="contextLoads()" classname="com.onesteprest.onesteprest.OnesteprestApplicationTests" time="0.002"/>
  <system-out><![CDATA[2025-04-20T02:45:17.560-05:00  INFO 220684 --- [onesteprest] [    Test worker] t.c.s.AnnotationConfigContextLoaderUtils : Could not detect default configuration classes for test class [com.onesteprest.onesteprest.OnesteprestApplicationTests]: OnesteprestApplicationTests does not declare any static, non-private, non-final, nested classes annotated with @Configuration.
2025-04-20T02:45:17.561-05:00  INFO 220684 --- [onesteprest] [    Test worker] .b.t.c.SpringBootTestContextBootstrapper : Found @SpringBootConfiguration com.onesteprest.onesteprest.OnesteprestApplication for test class com.onesteprest.onesteprest.OnesteprestApplicationTests

  .   ____          _            __ _ _
 /\\ / ___'_ __ _ _(_)_ __  __ _ \ \ \ \
( ( )\___ | '_ | '_| | '_ \/ _` | \ \ \ \
 \\/  ___)| |_)| | | | | || (_| |  ) ) ) )
  '  |____| .__|_| |_|_| |_\__, | / / / /
 =========|_|==============|___/=/_/_/_/

 :: Spring Boot ::                (v3.4.4)

2025-04-20T02:45:17.577-05:00  INFO 220684 --- [onesteprest] [    Test worker] c.o.o.OnesteprestApplicationTests        : Starting OnesteprestApplicationTests using Java 21.0.6 with PID 220684 (started by raul in /home/raul/Documents/ProyectosPersonales/onesteprest)
2025-04-20T02:45:17.577-05:00  INFO 220684 --- [onesteprest] [    Test worker] c.o.o.OnesteprestApplicationTests        : No active profile set, falling back to 1 default profile: "default"
2025-04-20T02:45:17.663-05:00  INFO 220684 --- [onesteprest] [    Test worker] .s.d.r.c.RepositoryConfigurationDelegate : Bootstrapping Spring Data JPA repositories in DEFAULT mode.
2025-04-20T02:45:17.666-05:00  INFO 220684 --- [onesteprest] [    Test worker] .s.d.r.c.RepositoryConfigurationDelegate : Finished Spring Data repository scanning in 2 ms. Found 0 JPA repository interfaces.
2025-04-20T02:45:17.710-05:00  INFO 220684 --- [onesteprest] [    Test worker] o.hibernate.jpa.internal.util.LogHelper  : HHH000204: Processing PersistenceUnitInfo [name: default]
2025-04-20T02:45:17.711-05:00  INFO 220684 --- [onesteprest] [    Test worker] o.h.c.internal.RegionFactoryInitiator    : HHH000026: Second-level cache disabled
2025-04-20T02:45:17.715-05:00  INFO 220684 --- [onesteprest] [    Test worker] o.s.o.j.p.SpringPersistenceUnitInfo      : No LoadTimeWeaver setup: ignoring JPA class transformer
2025-04-20T02:45:17.716-05:00  INFO 220684 --- [onesteprest] [    Test worker] com.zaxxer.hikari.HikariDataSource       : HikariPool-2 - Starting...
2025-04-20T02:45:17.716-05:00  INFO 220684 --- [onesteprest] [    Test worker] com.zaxxer.hikari.pool.HikariPool        : HikariPool-2 - Added connection conn10: url=jdbc:h2:mem:testdb user=SA
2025-04-20T02:45:17.717-05:00  INFO 220684 --- [onesteprest] [    Test worker] com.zaxxer.hikari.HikariDataSource       : HikariPool-2 - Start completed.
2025-04-20T02:45:17.717-05:00  WARN 220684 --- [onesteprest] [    Test worker] org.hibernate.orm.deprecation            : HHH90000025: H2Dialect does not need to be specified explicitly using 'hibernate.dialect' (remove the property setting and it will be selected by default)
2025-04-20T02:45:17.717-05:00  INFO 220684 --- [onesteprest] [    Test worker] org.hibernate.orm.connections.pooling    : HHH10001005: Database info:
	Database JDBC URL [Connecting through datasource 'HikariDataSource (HikariPool-2)']
	Database driver: undefined/unknown
	Database version: 2.3.232
	Autocommit mode: undefined/unknown
	Isolation level: undefined/unknown
	Minimum pool size: undefined/unknown
	Maximum pool size: undefined/unknown
2025-04-20T02:45:17.773-05:00  INFO 220684 --- [onesteprest] [    Test worker] o.h.e.t.j.p.i.JtaPlatformInitiator       : HHH000489: No JTA platform available (set 'hibernate.transaction.jta.platform' to enable JTA platform integration)
Hibernate: 
    drop table if exists categoria cascade 
Hibernate: 
    drop table if exists etiqueta cascade 
Hibernate: 
    drop table if exists producto cascade 
Hibernate: 
    drop table if exists producto_etiqueta cascade 
Hibernate: 
    create table categoria (
        id bigint generated by default as identity,
        nombre varchar(50) not null,
        descripcion varchar(255),
        primary key (id)
    )
Hibernate: 
    create table etiqueta (
        id bigint generated by default as identity,
        color varchar(255),
        nombre varchar(255) not null,
        primary key (id)
    )
Hibernate: 
    create table producto (
        precio float(53) not null check (precio>=0),
        categoria_id bigint,
        id bigint generated by default as identity,
        nombre varchar(255) not null,
        primary key (id)
    )
Hibernate: 
    create table producto_etiqueta (
        etiqueta_id bigint not null,
        producto_id bigint not null,
        primary key (etiqueta_id, producto_id)
    )
Hibernate: 
    alter table if exists producto 
       add constraint FKodqr7965ok9rwquj1utiamt0m 
       foreign key (categoria_id) 
       references categoria
Hibernate: 
    alter table if exists producto_etiqueta 
       add constraint FK686l3qb1tfrqf81eeb2ju5x1b 
       foreign key (etiqueta_id) 
       references etiqueta
Hibernate: 
    alter table if exists producto_etiqueta 
       add constraint FK86uocqio6eolo1132ipxo0279 
       foreign key (producto_id) 
       references producto
2025-04-20T02:45:17.782-05:00  INFO 220684 --- [onesteprest] [    Test worker] j.LocalContainerEntityManagerFactoryBean : Initialized JPA EntityManagerFactory for persistence unit 'default'
2025-04-20T02:45:17.799-05:00  INFO 220684 --- [onesteprest] [    Test worker] org.reflections.Reflections              : Reflections took 2 ms to scan 1 urls, producing 22 keys and 34 values
Registering model: Categoria at path: /categorias
Registered model class: com.onesteprest.onesteprest.examples.Categoria for path: categorias
Registering model: Etiqueta at path: /etiquetas
Registered model class: com.onesteprest.onesteprest.examples.Etiqueta for path: etiquetas
Registering model: Producto at path: /productos
Registered model class: com.onesteprest.onesteprest.examples.Producto for path: productos
2025-04-20T02:45:17.828-05:00  WARN 220684 --- [onesteprest] [    Test worker] JpaBaseConfiguration$JpaWebConfiguration : spring.jpa.open-in-view is enabled by default. Therefore, database queries may be performed during view rendering. Explicitly configure spring.jpa.open-in-view to disable this warning
2025-04-20T02:45:17.878-05:00  INFO 220684 --- [onesteprest] [    Test worker] o.s.b.a.h2.H2ConsoleAutoConfiguration    : H2 console available at '/h2-console'. Database available at 'jdbc:h2:mem:testdb'
2025-04-20T02:45:17.890-05:00  INFO 220684 --- [onesteprest] [    Test worker] c.o.o.OnesteprestApplicationTests        : Started OnesteprestApplicationTests in 0.326 seconds (process running for 4.114)
]]></system-out>
  <system-err><![CDATA[]]></system-err>
</testsuite>
