<?xml version="1.0" encoding="UTF-8"?>
<testsuite name="com.onesteprest.onesteprest.DynamicRestControllerIntegrationTest" tests="4" skipped="0" failures="0" errors="0" timestamp="2025-04-20T07:06:46.428Z" hostname="fedora" time="0.828">
  <properties/>
  <testcase name="testCrudOperations()" classname="com.onesteprest.onesteprest.DynamicRestControllerIntegrationTest" time="0.67"/>
  <testcase name="testValidation()" classname="com.onesteprest.onesteprest.DynamicRestControllerIntegrationTest" time="0.013"/>
  <testcase name="testPagination()" classname="com.onesteprest.onesteprest.DynamicRestControllerIntegrationTest" time="0.081"/>
  <testcase name="testRelationships()" classname="com.onesteprest.onesteprest.DynamicRestControllerIntegrationTest" time="0.06"/>
  <system-out><![CDATA[02:06:43.996 [Test worker] INFO org.springframework.test.context.support.AnnotationConfigContextLoaderUtils -- Could not detect default configuration classes for test class [com.onesteprest.onesteprest.DynamicRestControllerIntegrationTest]: DynamicRestControllerIntegrationTest does not declare any static, non-private, non-final, nested classes annotated with @Configuration.
02:06:44.064 [Test worker] INFO org.springframework.boot.test.context.SpringBootTestContextBootstrapper -- Found @SpringBootConfiguration com.onesteprest.onesteprest.OnesteprestApplication for test class com.onesteprest.onesteprest.DynamicRestControllerIntegrationTest

  .   ____          _            __ _ _
 /\\ / ___'_ __ _ _(_)_ __  __ _ \ \ \ \
( ( )\___ | '_ | '_| | '_ \/ _` | \ \ \ \
 \\/  ___)| |_)| | | | | || (_| |  ) ) ) )
  '  |____| .__|_| |_|_| |_\__, | / / / /
 =========|_|==============|___/=/_/_/_/

 :: Spring Boot ::                (v3.4.4)

2025-04-20T02:06:44.309-05:00  INFO 205295 --- [onesteprest] [    Test worker] o.o.DynamicRestControllerIntegrationTest : Starting DynamicRestControllerIntegrationTest using Java 21.0.6 with PID 205295 (started by raul in /home/raul/Documents/ProyectosPersonales/onesteprest)
2025-04-20T02:06:44.311-05:00  INFO 205295 --- [onesteprest] [    Test worker] o.o.DynamicRestControllerIntegrationTest : No active profile set, falling back to 1 default profile: "default"
2025-04-20T02:06:44.794-05:00  INFO 205295 --- [onesteprest] [    Test worker] .s.d.r.c.RepositoryConfigurationDelegate : Bootstrapping Spring Data JPA repositories in DEFAULT mode.
2025-04-20T02:06:44.813-05:00  INFO 205295 --- [onesteprest] [    Test worker] .s.d.r.c.RepositoryConfigurationDelegate : Finished Spring Data repository scanning in 10 ms. Found 0 JPA repository interfaces.
2025-04-20T02:06:45.093-05:00  INFO 205295 --- [onesteprest] [    Test worker] o.hibernate.jpa.internal.util.LogHelper  : HHH000204: Processing PersistenceUnitInfo [name: default]
2025-04-20T02:06:45.124-05:00  INFO 205295 --- [onesteprest] [    Test worker] org.hibernate.Version                    : HHH000412: Hibernate ORM core version 6.6.11.Final
2025-04-20T02:06:45.144-05:00  INFO 205295 --- [onesteprest] [    Test worker] o.h.c.internal.RegionFactoryInitiator    : HHH000026: Second-level cache disabled
2025-04-20T02:06:45.306-05:00  INFO 205295 --- [onesteprest] [    Test worker] o.s.o.j.p.SpringPersistenceUnitInfo      : No LoadTimeWeaver setup: ignoring JPA class transformer
2025-04-20T02:06:45.323-05:00  INFO 205295 --- [onesteprest] [    Test worker] com.zaxxer.hikari.HikariDataSource       : HikariPool-1 - Starting...
2025-04-20T02:06:45.420-05:00  INFO 205295 --- [onesteprest] [    Test worker] com.zaxxer.hikari.pool.HikariPool        : HikariPool-1 - Added connection conn0: url=jdbc:h2:mem:testdb user=SA
2025-04-20T02:06:45.421-05:00  INFO 205295 --- [onesteprest] [    Test worker] com.zaxxer.hikari.HikariDataSource       : HikariPool-1 - Start completed.
2025-04-20T02:06:45.434-05:00  WARN 205295 --- [onesteprest] [    Test worker] org.hibernate.orm.deprecation            : HHH90000025: H2Dialect does not need to be specified explicitly using 'hibernate.dialect' (remove the property setting and it will be selected by default)
2025-04-20T02:06:45.442-05:00  INFO 205295 --- [onesteprest] [    Test worker] org.hibernate.orm.connections.pooling    : HHH10001005: Database info:
	Database JDBC URL [Connecting through datasource 'HikariDataSource (HikariPool-1)']
	Database driver: undefined/unknown
	Database version: 2.3.232
	Autocommit mode: undefined/unknown
	Isolation level: undefined/unknown
	Minimum pool size: undefined/unknown
	Maximum pool size: undefined/unknown
2025-04-20T02:06:45.877-05:00  INFO 205295 --- [onesteprest] [    Test worker] o.h.e.t.j.p.i.JtaPlatformInitiator       : HHH000489: No JTA platform available (set 'hibernate.transaction.jta.platform' to enable JTA platform integration)
Hibernate: 
    drop table if exists categoria cascade 
Hibernate: 
    drop table if exists producto cascade 
Hibernate: 
    create table categoria (
        id bigint generated by default as identity,
        nombre varchar(50) not null,
        descripcion varchar(255),
        primary key (id)
    )
Hibernate: 
    create table producto (
        precio float(53) not null check (precio>=0),
        categoria_id bigint,
        id bigint generated by default as identity,
        nombre varchar(255) not null,
        primary key (id)
    )
Hibernate: 
    alter table if exists producto 
       add constraint FKodqr7965ok9rwquj1utiamt0m 
       foreign key (categoria_id) 
       references categoria
2025-04-20T02:06:45.901-05:00  INFO 205295 --- [onesteprest] [    Test worker] j.LocalContainerEntityManagerFactoryBean : Initialized JPA EntityManagerFactory for persistence unit 'default'
2025-04-20T02:06:46.002-05:00  INFO 205295 --- [onesteprest] [    Test worker] org.reflections.Reflections              : Reflections took 21 ms to scan 1 urls, producing 22 keys and 31 values
Registering model: Categoria at path: /categorias
Registered model class: com.onesteprest.onesteprest.examples.Categoria for path: categorias
Registering model: Producto at path: /productos
Registered model class: com.onesteprest.onesteprest.examples.Producto for path: productos
2025-04-20T02:06:46.141-05:00  WARN 205295 --- [onesteprest] [    Test worker] JpaBaseConfiguration$JpaWebConfiguration : spring.jpa.open-in-view is enabled by default. Therefore, database queries may be performed during view rendering. Explicitly configure spring.jpa.open-in-view to disable this warning
2025-04-20T02:06:46.360-05:00  INFO 205295 --- [onesteprest] [    Test worker] o.s.b.a.h2.H2ConsoleAutoConfiguration    : H2 console available at '/h2-console'. Database available at 'jdbc:h2:mem:testdb'
2025-04-20T02:06:46.397-05:00  INFO 205295 --- [onesteprest] [    Test worker] o.s.b.t.m.w.SpringBootMockServletContext : Initializing Spring TestDispatcherServlet ''
2025-04-20T02:06:46.397-05:00  INFO 205295 --- [onesteprest] [    Test worker] o.s.t.web.servlet.TestDispatcherServlet  : Initializing Servlet ''
2025-04-20T02:06:46.398-05:00  INFO 205295 --- [onesteprest] [    Test worker] o.s.t.web.servlet.TestDispatcherServlet  : Completed initialization in 1 ms
2025-04-20T02:06:46.420-05:00  INFO 205295 --- [onesteprest] [    Test worker] o.o.DynamicRestControllerIntegrationTest : Started DynamicRestControllerIntegrationTest in 2.269 seconds (process running for 2.887)
2025-04-20T02:06:46.755-05:00  INFO 205295 --- [onesteprest] [    Test worker] org.reflections.Reflections              : Reflections took 3 ms to scan 1 urls, producing 22 keys and 31 values
Registering model: Categoria at path: /categorias
Registered model class: com.onesteprest.onesteprest.examples.Categoria for path: categorias
Registering model: Producto at path: /productos
Registered model class: com.onesteprest.onesteprest.examples.Producto for path: productos
Hibernate: 
    insert 
    into
        categoria
        (descripcion, nombre, id) 
    values
        (?, ?, default)
Hibernate: 
    insert 
    into
        producto
        (categoria_id, nombre, precio, id) 
    values
        (?, ?, ?, default)
Hibernate: 
    select
        p1_0.id,
        p1_0.categoria_id,
        p1_0.nombre,
        p1_0.precio 
    from
        producto p1_0
Hibernate: 
    update
        producto 
    set
        categoria_id=?,
        nombre=?,
        precio=? 
    where
        id=?
2025-04-20T02:06:47.104-05:00  INFO 205295 --- [onesteprest] [    Test worker] org.reflections.Reflections              : Reflections took 3 ms to scan 1 urls, producing 22 keys and 31 values
Registering model: Categoria at path: /categorias
Registered model class: com.onesteprest.onesteprest.examples.Categoria for path: categorias
Registering model: Producto at path: /productos
Registered model class: com.onesteprest.onesteprest.examples.Producto for path: productos
2025-04-20T02:06:47.118-05:00  INFO 205295 --- [onesteprest] [    Test worker] org.reflections.Reflections              : Reflections took 2 ms to scan 1 urls, producing 22 keys and 31 values
Registering model: Categoria at path: /categorias
Registered model class: com.onesteprest.onesteprest.examples.Categoria for path: categorias
Registering model: Producto at path: /productos
Registered model class: com.onesteprest.onesteprest.examples.Producto for path: productos
Hibernate: 
    insert 
    into
        producto
        (categoria_id, nombre, precio, id) 
    values
        (?, ?, ?, default)
Hibernate: 
    insert 
    into
        producto
        (categoria_id, nombre, precio, id) 
    values
        (?, ?, ?, default)
Hibernate: 
    insert 
    into
        producto
        (categoria_id, nombre, precio, id) 
    values
        (?, ?, ?, default)
Hibernate: 
    insert 
    into
        producto
        (categoria_id, nombre, precio, id) 
    values
        (?, ?, ?, default)
Hibernate: 
    insert 
    into
        producto
        (categoria_id, nombre, precio, id) 
    values
        (?, ?, ?, default)
Hibernate: 
    insert 
    into
        producto
        (categoria_id, nombre, precio, id) 
    values
        (?, ?, ?, default)
Hibernate: 
    insert 
    into
        producto
        (categoria_id, nombre, precio, id) 
    values
        (?, ?, ?, default)
Hibernate: 
    insert 
    into
        producto
        (categoria_id, nombre, precio, id) 
    values
        (?, ?, ?, default)
Hibernate: 
    insert 
    into
        producto
        (categoria_id, nombre, precio, id) 
    values
        (?, ?, ?, default)
Hibernate: 
    insert 
    into
        producto
        (categoria_id, nombre, precio, id) 
    values
        (?, ?, ?, default)
Hibernate: 
    insert 
    into
        producto
        (categoria_id, nombre, precio, id) 
    values
        (?, ?, ?, default)
Hibernate: 
    insert 
    into
        producto
        (categoria_id, nombre, precio, id) 
    values
        (?, ?, ?, default)
Hibernate: 
    insert 
    into
        producto
        (categoria_id, nombre, precio, id) 
    values
        (?, ?, ?, default)
Hibernate: 
    insert 
    into
        producto
        (categoria_id, nombre, precio, id) 
    values
        (?, ?, ?, default)
Hibernate: 
    insert 
    into
        producto
        (categoria_id, nombre, precio, id) 
    values
        (?, ?, ?, default)
Hibernate: 
    select
        count(p1_0.id) 
    from
        producto p1_0
Hibernate: 
    select
        p1_0.id,
        p1_0.categoria_id,
        p1_0.nombre,
        p1_0.precio 
    from
        producto p1_0 
    offset
        ? rows 
    fetch
        first ? rows only
2025-04-20T02:06:47.177-05:00  WARN 205295 --- [onesteprest] [    Test worker] ration$PageModule$WarningLoggingModifier : Serializing PageImpl instances as-is is not supported, meaning that there is no guarantee about the stability of the resulting JSON structure!
	For a stable JSON structure, please use Spring Data's PagedModel (globally via @EnableSpringDataWebSupport(pageSerializationMode = VIA_DTO))
	or Spring HATEOAS and Spring Data's PagedResourcesAssembler as documented in https://docs.spring.io/spring-data/commons/reference/repositories/core-extensions.html#core.web.pageables.

Hibernate: 
    select
        count(p1_0.id) 
    from
        producto p1_0
Hibernate: 
    select
        p1_0.id,
        p1_0.categoria_id,
        p1_0.nombre,
        p1_0.precio 
    from
        producto p1_0 
    offset
        ? rows 
    fetch
        first ? rows only
2025-04-20T02:06:47.201-05:00  INFO 205295 --- [onesteprest] [    Test worker] org.reflections.Reflections              : Reflections took 3 ms to scan 1 urls, producing 22 keys and 31 values
Registering model: Categoria at path: /categorias
Registered model class: com.onesteprest.onesteprest.examples.Categoria for path: categorias
Registering model: Producto at path: /productos
Registered model class: com.onesteprest.onesteprest.examples.Producto for path: productos
Hibernate: 
    insert 
    into
        categoria
        (descripcion, nombre, id) 
    values
        (?, ?, default)
Hibernate: 
    insert 
    into
        producto
        (categoria_id, nombre, precio, id) 
    values
        (?, ?, ?, default)
Hibernate: 
    insert 
    into
        producto
        (categoria_id, nombre, precio, id) 
    values
        (?, ?, ?, default)
Hibernate: 
    select
        p1_0.id,
        p1_0.categoria_id,
        p1_0.nombre,
        p1_0.precio 
    from
        producto p1_0 
    where
        p1_0.categoria_id=?
Hibernate: 
    select
        p1_0.id,
        p1_0.categoria_id,
        p1_0.nombre,
        p1_0.precio 
    from
        producto p1_0 
    where
        p1_0.categoria_id=?
]]></system-out>
  <system-err><![CDATA[Mockito is currently self-attaching to enable the inline-mock-maker. This will no longer work in future releases of the JDK. Please add Mockito as an agent to your build what is described in Mockito's documentation: https://javadoc.io/doc/org.mockito/mockito-core/latest/org/mockito/Mockito.html#0.3
WARNING: A Java agent has been loaded dynamically (/home/raul/.gradle/caches/modules-2/files-2.1/net.bytebuddy/byte-buddy-agent/1.15.11/a38b16385e867f59a641330f0362ebe742788ed8/byte-buddy-agent-1.15.11.jar)
WARNING: If a serviceability tool is in use, please run with -XX:+EnableDynamicAgentLoading to hide this warning
WARNING: If a serviceability tool is not in use, please run with -Djdk.instrument.traceUsage for more information
WARNING: Dynamic loading of agents will be disallowed by default in a future release
]]></system-err>
</testsuite>
